{"/home/aleks/Desktop/frontend-project-46/src/genDiff.js": {"path":"/home/aleks/Desktop/frontend-project-46/src/genDiff.js","all":false,"statementMap":{"0":{"start":{"line":1,"column":0},"end":{"line":1,"column":29}},"1":{"start":{"line":2,"column":0},"end":{"line":2,"column":34}},"2":{"start":{"line":3,"column":0},"end":{"line":3,"column":23}},"3":{"start":{"line":4,"column":0},"end":{"line":4,"column":0}},"4":{"start":{"line":5,"column":0},"end":{"line":5,"column":43}},"5":{"start":{"line":6,"column":0},"end":{"line":6,"column":45}},"6":{"start":{"line":7,"column":0},"end":{"line":7,"column":0}},"7":{"start":{"line":8,"column":0},"end":{"line":8,"column":76}},"8":{"start":{"line":9,"column":0},"end":{"line":9,"column":56}},"9":{"start":{"line":10,"column":0},"end":{"line":10,"column":56}},"10":{"start":{"line":11,"column":0},"end":{"line":11,"column":66}},"11":{"start":{"line":12,"column":0},"end":{"line":12,"column":57}},"12":{"start":{"line":13,"column":0},"end":{"line":13,"column":19}},"13":{"start":{"line":14,"column":0},"end":{"line":14,"column":0}},"14":{"start":{"line":15,"column":0},"end":{"line":15,"column":28}},"15":{"start":{"line":16,"column":0},"end":{"line":16,"column":36}},"16":{"start":{"line":17,"column":0},"end":{"line":17,"column":54}},"17":{"start":{"line":18,"column":0},"end":{"line":18,"column":38}},"18":{"start":{"line":19,"column":0},"end":{"line":19,"column":54}},"19":{"start":{"line":20,"column":0},"end":{"line":20,"column":38}},"20":{"start":{"line":21,"column":0},"end":{"line":21,"column":54}},"21":{"start":{"line":22,"column":0},"end":{"line":22,"column":12}},"22":{"start":{"line":23,"column":0},"end":{"line":23,"column":54}},"23":{"start":{"line":24,"column":0},"end":{"line":24,"column":54}},"24":{"start":{"line":25,"column":0},"end":{"line":25,"column":5}},"25":{"start":{"line":26,"column":0},"end":{"line":26,"column":5}},"26":{"start":{"line":27,"column":0},"end":{"line":27,"column":0}},"27":{"start":{"line":28,"column":0},"end":{"line":28,"column":24}},"28":{"start":{"line":29,"column":0},"end":{"line":29,"column":2}},"29":{"start":{"line":30,"column":0},"end":{"line":30,"column":0}},"30":{"start":{"line":31,"column":0},"end":{"line":31,"column":23}}},"s":{"0":1,"1":1,"2":1,"3":1,"4":1,"5":3,"6":2,"7":2,"8":2,"9":2,"10":2,"11":2,"12":2,"13":2,"14":2,"15":9,"16":5,"17":9,"18":1,"19":4,"20":2,"21":3,"22":1,"23":1,"24":1,"25":2,"26":2,"27":2,"28":2,"29":1,"30":1},"branchMap":{"0":{"type":"branch","line":5,"loc":{"start":{"line":5,"column":16},"end":{"line":29,"column":2}},"locations":[{"start":{"line":5,"column":16},"end":{"line":29,"column":2}}]},"1":{"type":"branch","line":6,"loc":{"start":{"line":6,"column":16},"end":{"line":6,"column":30}},"locations":[{"start":{"line":6,"column":16},"end":{"line":6,"column":30}}]},"2":{"type":"branch","line":6,"loc":{"start":{"line":6,"column":32},"end":{"line":6,"column":45}},"locations":[{"start":{"line":6,"column":32},"end":{"line":6,"column":45}}]},"3":{"type":"branch","line":6,"loc":{"start":{"line":6,"column":44},"end":{"line":29,"column":2}},"locations":[{"start":{"line":6,"column":44},"end":{"line":29,"column":2}}]},"4":{"type":"branch","line":15,"loc":{"start":{"line":15,"column":19},"end":{"line":26,"column":3}},"locations":[{"start":{"line":15,"column":19},"end":{"line":26,"column":3}}]},"5":{"type":"branch","line":16,"loc":{"start":{"line":16,"column":35},"end":{"line":18,"column":5}},"locations":[{"start":{"line":16,"column":35},"end":{"line":18,"column":5}}]},"6":{"type":"branch","line":18,"loc":{"start":{"line":18,"column":5},"end":{"line":25,"column":5}},"locations":[{"start":{"line":18,"column":5},"end":{"line":25,"column":5}}]},"7":{"type":"branch","line":18,"loc":{"start":{"line":18,"column":37},"end":{"line":20,"column":5}},"locations":[{"start":{"line":18,"column":37},"end":{"line":20,"column":5}}]},"8":{"type":"branch","line":20,"loc":{"start":{"line":20,"column":5},"end":{"line":25,"column":5}},"locations":[{"start":{"line":20,"column":5},"end":{"line":25,"column":5}}]},"9":{"type":"branch","line":20,"loc":{"start":{"line":20,"column":37},"end":{"line":22,"column":5}},"locations":[{"start":{"line":20,"column":37},"end":{"line":22,"column":5}}]},"10":{"type":"branch","line":22,"loc":{"start":{"line":22,"column":5},"end":{"line":25,"column":5}},"locations":[{"start":{"line":22,"column":5},"end":{"line":25,"column":5}}]}},"b":{"0":[3],"1":[2],"2":[1],"3":[2],"4":[9],"5":[5],"6":[4],"7":[1],"8":[3],"9":[2],"10":[1]},"fnMap":{"0":{"name":"genDiff","decl":{"start":{"line":5,"column":16},"end":{"line":29,"column":2}},"loc":{"start":{"line":5,"column":16},"end":{"line":29,"column":2}},"line":5}},"f":{"0":3}}
}
